1: package io;
2: 
3: import java.io.*;
4: 
5: /**
6:  * Created by jc on 11/22/2015.
7:  */
8: public class BasicFileOut {
9: 
10:     static String file = "E:\\program\\java\\ThinkInJava\\src\\io\\BasicFileOut.out";
11:     static String local_env = "E:\\program\\java\\ThinkInJava\\src\\io\\";
12: 
13:     public static void main(String[] args)
14:             throws IOException {
15:         BufferedReader in = new BufferedReader(
16:                 new StringReader(
17:                         BufferedInputFile.read(local_env + "BasicFileOut.java")
18:                 )
19:         );
20: 
21:         PrintWriter  out=new PrintWriter(
22:             new BufferedWriter(new FileWriter(file))
23:         );
24: 
25: //        PrintWriter out=new PrintWriter(new FileWriter(file));
26: 
27:         int lineCount=1;
28:         String s;
29: 
30:         while((s=in.readLine())!=null){
31:             out.println(lineCount++ +": "+s);
32:         }
33:         out.close();
34: 
35:         System.out.println(BufferedInputFile.read(file));
36: 
37: 
38: 
39: 
40: 
41: 
42: 
43: 
44:     }
45: }
