1: package io;
2: 
3: import java.io.BufferedReader;
4: import java.io.IOException;
5: import java.io.PrintWriter;
6: import java.io.StringReader;
7: 
8: /**
9:  * Created by jc on 11/22/2015.
10:  */
11: public class FileOutputShortcut {
12: 
13:     static String file = "E:\\program\\java\\ThinkInJava\\src\\io\\FileOutputShortcut.out";
14:     static String local_env = "E:\\program\\java\\ThinkInJava\\src\\io\\";
15: 
16:     public static void main(String[] args)
17:         throws IOException{
18: 
19:         BufferedReader in=new BufferedReader(new StringReader(
20:                 BufferedInputFile.read(local_env+"FileOutputShortcut.java")
21:         ));
22: 
23:         PrintWriter out=new PrintWriter(file);
24: 
25:         int lineCounter=1;
26:         String s;
27: 
28:         while((s=in.readLine())!=null){
29:             out.println(lineCounter++ +": "+s);
30:         }
31: 
32:         out.close();
33: 
34:         System.out.println(BufferedInputFile.read(file));
35: 
36: 
37:     }
38: }
